<component name="libraryTable">
  <library name="junit-4.0">
    <ANNOTATIONS>
      <root url="jar://$PROJECT_DIR$/junit-4.0.jar!/" />
    </ANNOTATIONS>
    <CLASSES>
      <root url="jar://$PROJECT_DIR$/junit-4.0.jar!/" />
    </CLASSES>
    <JAVADOC>
      <root url="jar://$PROJECT_DIR$/junit-4.0.jar!/" />
    </JAVADOC>
    <NATIVE>
      <root url="jar://$PROJECT_DIR$/junit-4.0.jar!/" />
    </NATIVE>
    <SOURCES>
      <root url="jar://$PROJECT_DIR$/junit-4.0.jar!/" />
    </SOURCES>
    <jarDirectory url="jar://$PROJECT_DIR$/junit-4.0.jar!/" recursive="false" />
    <jarDirectory url="jar://$PROJECT_DIR$/junit-4.0.jar!/" recursive="false" type="SOURCES" />
  </library>
</component>